生成启动时间为 2014/11/27 20:40:57。
     1>项目“C:\Users\Amvincible\Documents\GitHub\OpenCV\test\test.vcxproj”在节点 2 上(build 个目标)。
     1>InitializeBuildStatus:
         正在对“Debug\test.unsuccessfulbuild”执行 Touch 任务。
       ClCompile:
         E:\Software\VS2010\VC\bin\CL.exe /c /ZI /nologo /W3 /WX- /Od /Oy- /D WIN32 /D _DEBUG /D _CONSOLE /D _UNICODE /D UNICODE /Gm /EHsc /RTC1 /MDd /GS /fp:precise /Zc:wchar_t /Zc:forScope /Fo"Debug\\" /Fd"Debug\vc100.pdb" /Gd /TP /analyze- /errorReport:prompt test.cpp
         test.cpp
     1>c:\users\amvincible\documents\github\opencv\test\test.cpp(37): error C3861: “cvLoadImage”: 找不到标识符
     1>c:\users\amvincible\documents\github\opencv\test\test.cpp(49): error C3861: “cvNamedWindow”: 找不到标识符
     1>c:\users\amvincible\documents\github\opencv\test\test.cpp(51): error C3861: “cvShowImage”: 找不到标识符
     1>c:\users\amvincible\documents\github\opencv\test\test.cpp(52): error C3861: “cvWaitKey”: 找不到标识符
     1>c:\users\amvincible\documents\github\opencv\test\test.cpp(54): error C3861: “cvDestroyWindow”: 找不到标识符
     1>已完成生成项目“C:\Users\Amvincible\Documents\GitHub\OpenCV\test\test.vcxproj”(build 个目标)的操作 - 失败。

生成失败。

已用时间 00:00:01.18
